<?xml version="1.0" encoding="UTF-8"?>
<testsuite name="MathUtilsTest" tests="5" failures="1" errors="0" skipped="0" timestamp="2022-02-16T12:00:00">
  <testcase name="testAdd" classname="MathUtilsTest" time="0.01">
    <!-- Test passed successfully -->
  </testcase>
  <testcase name="testSubtract" classname="MathUtilsTest" time="0.02">
    <!-- Test passed successfully -->
  </testcase>
  <testcase name="testMultiply" classname="MathUtilsTest" time="0.03">
    <!-- Test passed successfully -->
  </testcase>
  <testcase name="testDivide" classname="MathUtilsTest" time="0.04">
    <!-- Test passed successfully -->
  </testcase>
  <testcase name="testDivideByZero" classname="MathUtilsTest" time="0.05">
    <failure type="java.lang.AssertionError" message="Expected -1.0, but was 2.0" />
  </testcase>
</testsuite>
